<?xml version="1.0" encoding="UTF-8"?>
<!-- Generated by org.testng.reporters.JUnitReportReporter -->
<testsuite hostname="DESKTOP-L558MLK" failures="0" tests="3" name="tic_tac_toe_Game.GamePlayingE2EScenario" time="339.128" errors="0" timestamp="24 Aug 2022 21:49:23 GMT" skipped="0">
  <testcase classname="tic_tac_toe_Game.GamePlayingE2EScenario" name="checkCreatingGame" time="0.358"/>
  <testcase classname="tic_tac_toe_Game.GamePlayingE2EScenario" name="checkMakingMove" time="337.522"/>
  <testcase classname="tic_tac_toe_Game.GamePlayingE2EScenario" name="checkCreatingUser" time="1.248"/>
</testsuite> <!-- tic_tac_toe_Game.GamePlayingE2EScenario -->
