<?xml version="1.0" encoding="UTF-8"?>
<!-- Generated by org.testng.reporters.JUnitReportReporter -->
<testsuite hostname="DESKTOP-L558MLK" failures="0" tests="3" name="restAssuredTestClasses.GamePlayingE2EScenario" time="55.267" errors="0" timestamp="24 Aug 2022 21:29:34 GMT" skipped="0">
  <testcase classname="restAssuredTestClasses.GamePlayingE2EScenario" name="checkCreatingGame" time="0.419"/>
  <testcase classname="restAssuredTestClasses.GamePlayingE2EScenario" name="checkMakingMove" time="53.574"/>
  <testcase classname="restAssuredTestClasses.GamePlayingE2EScenario" name="checkCreatingUser" time="1.274"/>
</testsuite> <!-- restAssuredTestClasses.GamePlayingE2EScenario -->
