<?xml version="1.0" encoding="UTF-8"?>
<!-- Generated by org.testng.reporters.JUnitReportReporter -->
<testsuite hostname="DESKTOP-L558MLK" failures="0" tests="1" name="soapServices.AnotherSoapServices" time="2.226" errors="0" timestamp="15 Apr 2022 12:07:18 GMT" skipped="0">
  <testcase classname="soapServices.AnotherSoapServices" name="PostDataByXMLFile" time="2.226"/>
</testsuite> <!-- soapServices.AnotherSoapServices -->
